[0.685s] DEBUG:colcon:Command line arguments: ['/usr/bin/colcon', 'list', '-p', '--base-paths', '/home/machon/code/microros_template/fork/micro_ros_stm32_template']
[0.686s] DEBUG:colcon:Parsed command line arguments: Namespace(base_paths=['/home/machon/code/microros_template/fork/micro_ros_stm32_template'], build_base='build', ignore_user_meta=False, log_base=None, log_level=None, main=<bound method ListVerb.main of <colcon_package_information.verb.list.ListVerb object at 0x7f4a88ed2070>>, metas=['./colcon.meta'], mixin=None, mixin_files=None, mixin_verb=('list',), names_only=False, packages_above=None, packages_above_and_dependencies=None, packages_above_depth=None, packages_end=None, packages_ignore=None, packages_ignore_regex=None, packages_select=None, packages_select_build_failed=False, packages_select_by_dep=None, packages_select_regex=None, packages_select_test_failures=False, packages_skip=None, packages_skip_build_finished=False, packages_skip_by_dep=None, packages_skip_regex=None, packages_skip_test_passed=False, packages_skip_up_to=None, packages_start=None, packages_up_to=None, packages_up_to_regex=None, paths=None, paths_only=True, topological_graph=False, topological_graph_density=False, topological_graph_dot=False, topological_graph_dot_cluster=False, topological_graph_dot_include_skipped=False, topological_graph_legend=False, topological_order=False, verb_extension=<colcon_package_information.verb.list.ListVerb object at 0x7f4a88ed2070>, verb_name='list', verb_parser=<colcon_mixin.mixin.mixin_argument.MixinArgumentDecorator object at 0x7f4a88e18250>)
[0.823s] Level 1:colcon.colcon_core.package_discovery:discover_packages(colcon_meta) check parameters
[0.823s] Level 1:colcon.colcon_core.package_discovery:discover_packages(recursive) check parameters
[0.823s] Level 1:colcon.colcon_core.package_discovery:discover_packages(ignore) check parameters
[0.823s] Level 1:colcon.colcon_core.package_discovery:discover_packages(path) check parameters
[0.823s] Level 1:colcon.colcon_core.package_discovery:discover_packages(recursive) discover
[0.823s] INFO:colcon.colcon_core.package_discovery:Crawling recursively for packages in '/home/machon/code/microros_template/fork/micro_ros_stm32_template'
[0.824s] Level 1:colcon.colcon_core.package_identification:_identify(/home/machon/code/microros_template/fork/micro_ros_stm32_template) by extensions ['ignore', 'ignore_ament_install']
[0.824s] Level 1:colcon.colcon_core.package_identification:_identify(/home/machon/code/microros_template/fork/micro_ros_stm32_template) by extension 'ignore'
[0.824s] Level 1:colcon.colcon_core.package_identification:_identify(/home/machon/code/microros_template/fork/micro_ros_stm32_template) by extension 'ignore_ament_install'
[0.824s] Level 1:colcon.colcon_core.package_identification:_identify(/home/machon/code/microros_template/fork/micro_ros_stm32_template) by extensions ['colcon_pkg']
[0.824s] Level 1:colcon.colcon_core.package_identification:_identify(/home/machon/code/microros_template/fork/micro_ros_stm32_template) by extension 'colcon_pkg'
[0.825s] Level 1:colcon.colcon_core.package_identification:_identify(/home/machon/code/microros_template/fork/micro_ros_stm32_template) by extensions ['colcon_meta']
[0.825s] Level 1:colcon.colcon_core.package_identification:_identify(/home/machon/code/microros_template/fork/micro_ros_stm32_template) by extension 'colcon_meta'
[0.825s] Level 1:colcon.colcon_core.package_identification:_identify(/home/machon/code/microros_template/fork/micro_ros_stm32_template) by extensions ['ros']
[0.825s] Level 1:colcon.colcon_core.package_identification:_identify(/home/machon/code/microros_template/fork/micro_ros_stm32_template) by extension 'ros'
[0.869s] Level 1:colcon.colcon_core.package_identification:_identify(/home/machon/code/microros_template/fork/micro_ros_stm32_template) by extensions ['cmake', 'python']
[0.869s] Level 1:colcon.colcon_core.package_identification:_identify(/home/machon/code/microros_template/fork/micro_ros_stm32_template) by extension 'cmake'
[0.869s] Level 1:colcon.colcon_core.package_identification:_identify(/home/machon/code/microros_template/fork/micro_ros_stm32_template) by extension 'python'
[0.869s] Level 1:colcon.colcon_core.package_identification:_identify(/home/machon/code/microros_template/fork/micro_ros_stm32_template) by extensions ['python_setup_py']
[0.869s] Level 1:colcon.colcon_core.package_identification:_identify(/home/machon/code/microros_template/fork/micro_ros_stm32_template) by extension 'python_setup_py'
[0.869s] Level 1:colcon.colcon_core.package_identification:_identify(/home/machon/code/microros_template/fork/micro_ros_stm32_template/demo) by extensions ['ignore', 'ignore_ament_install']
[0.870s] Level 1:colcon.colcon_core.package_identification:_identify(/home/machon/code/microros_template/fork/micro_ros_stm32_template/demo) by extension 'ignore'
[0.870s] Level 1:colcon.colcon_core.package_identification:_identify(/home/machon/code/microros_template/fork/micro_ros_stm32_template/demo) by extension 'ignore_ament_install'
[0.870s] Level 1:colcon.colcon_core.package_identification:_identify(/home/machon/code/microros_template/fork/micro_ros_stm32_template/demo) by extensions ['colcon_pkg']
[0.870s] Level 1:colcon.colcon_core.package_identification:_identify(/home/machon/code/microros_template/fork/micro_ros_stm32_template/demo) by extension 'colcon_pkg'
[0.870s] Level 1:colcon.colcon_core.package_identification:_identify(/home/machon/code/microros_template/fork/micro_ros_stm32_template/demo) by extensions ['colcon_meta']
[0.870s] Level 1:colcon.colcon_core.package_identification:_identify(/home/machon/code/microros_template/fork/micro_ros_stm32_template/demo) by extension 'colcon_meta'
[0.871s] Level 1:colcon.colcon_core.package_identification:_identify(/home/machon/code/microros_template/fork/micro_ros_stm32_template/demo) by extensions ['ros']
[0.871s] Level 1:colcon.colcon_core.package_identification:_identify(/home/machon/code/microros_template/fork/micro_ros_stm32_template/demo) by extension 'ros'
[0.871s] Level 1:colcon.colcon_core.package_identification:_identify(/home/machon/code/microros_template/fork/micro_ros_stm32_template/demo) by extensions ['cmake', 'python']
[0.871s] Level 1:colcon.colcon_core.package_identification:_identify(/home/machon/code/microros_template/fork/micro_ros_stm32_template/demo) by extension 'cmake'
[0.871s] Level 1:colcon.colcon_core.package_identification:_identify(/home/machon/code/microros_template/fork/micro_ros_stm32_template/demo) by extension 'python'
[0.871s] Level 1:colcon.colcon_core.package_identification:_identify(/home/machon/code/microros_template/fork/micro_ros_stm32_template/demo) by extensions ['python_setup_py']
[0.871s] Level 1:colcon.colcon_core.package_identification:_identify(/home/machon/code/microros_template/fork/micro_ros_stm32_template/demo) by extension 'python_setup_py'
[0.872s] Level 1:colcon.colcon_core.package_identification:_identify(/home/machon/code/microros_template/fork/micro_ros_stm32_template/log) by extensions ['ignore', 'ignore_ament_install']
[0.872s] Level 1:colcon.colcon_core.package_identification:_identify(/home/machon/code/microros_template/fork/micro_ros_stm32_template/log) by extension 'ignore'
[0.872s] Level 1:colcon.colcon_core.package_identification:_identify(/home/machon/code/microros_template/fork/micro_ros_stm32_template/log) ignored
[0.872s] Level 1:colcon.colcon_core.package_identification:_identify(/home/machon/code/microros_template/fork/micro_ros_stm32_template/src) by extensions ['ignore', 'ignore_ament_install']
[0.872s] Level 1:colcon.colcon_core.package_identification:_identify(/home/machon/code/microros_template/fork/micro_ros_stm32_template/src) by extension 'ignore'
[0.873s] Level 1:colcon.colcon_core.package_identification:_identify(/home/machon/code/microros_template/fork/micro_ros_stm32_template/src) by extension 'ignore_ament_install'
[0.873s] Level 1:colcon.colcon_core.package_identification:_identify(/home/machon/code/microros_template/fork/micro_ros_stm32_template/src) by extensions ['colcon_pkg']
[0.873s] Level 1:colcon.colcon_core.package_identification:_identify(/home/machon/code/microros_template/fork/micro_ros_stm32_template/src) by extension 'colcon_pkg'
[0.873s] Level 1:colcon.colcon_core.package_identification:_identify(/home/machon/code/microros_template/fork/micro_ros_stm32_template/src) by extensions ['colcon_meta']
[0.873s] Level 1:colcon.colcon_core.package_identification:_identify(/home/machon/code/microros_template/fork/micro_ros_stm32_template/src) by extension 'colcon_meta'
[0.873s] Level 1:colcon.colcon_core.package_identification:_identify(/home/machon/code/microros_template/fork/micro_ros_stm32_template/src) by extensions ['ros']
[0.873s] Level 1:colcon.colcon_core.package_identification:_identify(/home/machon/code/microros_template/fork/micro_ros_stm32_template/src) by extension 'ros'
[0.874s] Level 1:colcon.colcon_core.package_identification:_identify(/home/machon/code/microros_template/fork/micro_ros_stm32_template/src) by extensions ['cmake', 'python']
[0.874s] Level 1:colcon.colcon_core.package_identification:_identify(/home/machon/code/microros_template/fork/micro_ros_stm32_template/src) by extension 'cmake'
[0.874s] Level 1:colcon.colcon_core.package_identification:_identify(/home/machon/code/microros_template/fork/micro_ros_stm32_template/src) by extension 'python'
[0.874s] Level 1:colcon.colcon_core.package_identification:_identify(/home/machon/code/microros_template/fork/micro_ros_stm32_template/src) by extensions ['python_setup_py']
[0.874s] Level 1:colcon.colcon_core.package_identification:_identify(/home/machon/code/microros_template/fork/micro_ros_stm32_template/src) by extension 'python_setup_py'
[0.874s] Level 1:colcon.colcon_core.package_discovery:discover_packages(recursive) using defaults
